<?xml version="1.0" encoding="UTF-8"?>
<!-- Generated by org.testng.reporters.JUnitXMLReporter -->
<testsuite hostname="DESKTOP-3V8M909" ignored="3" name="Default test" tests="1" failures="0" timestamp="27 Jul 2020 09:29:49 GMT" time="14.737" errors="0">
  <testcase name="@BeforeMethod setup" time="0.0" classname="com.facebook.tests.VerifyLoginDetails">
    <failure type="org.openqa.selenium.SessionNotCreatedException" message="session not created: This version of ChromeDriver only supports Chrome version 78
Build info: version: &amp;apos;3.141.59&amp;apos;, revision: &amp;apos;e82be7d358&amp;apos;, time: &amp;apos;2018-11-14T08:25:48&amp;apos;
System info: host: &amp;apos;DESKTOP-3V8M909&amp;apos;, ip: &amp;apos;192.168.0.101&amp;apos;, os.name: &amp;apos;Windows 10&amp;apos;, os.arch: &amp;apos;amd64&amp;apos;, os.version: &amp;apos;10.0&amp;apos;, java.version: &amp;apos;1.8.0_171&amp;apos;
Driver info: driver.version: ChromeDriver
remote stacktrace: Backtrace:
	Ordinal0 [0x002BA903+1550595]
	Ordinal0 [0x0023A701+1025793]
	Ordinal0 [0x001BC6E5+509669]
	Ordinal0 [0x0014FC68+64616]
	Ordinal0 [0x0014C594+50580]
	Ordinal0 [0x0016ACE7+175335]
	Ordinal0 [0x0016A8ED+174317]
	Ordinal0 [0x00168CDB+167131]
	Ordinal0 [0x0015144A+70730]
	Ordinal0 [0x001524D0+74960]
	Ordinal0 [0x00152469+74857]
	Ordinal0 [0x002542C7+1131207]
	GetHandleVerifier [0x003570FD+523789]
	GetHandleVerifier [0x00356E90+523168]
	GetHandleVerifier [0x0035E1E7+552695]
	GetHandleVerifier [0x003578FA+525834]
	Ordinal0 [0x0024B7FC+1095676]
	Ordinal0 [0x0025633B+1139515]
	Ordinal0 [0x002564A3+1139875]
	Ordinal0 [0x00255425+1135653]
	BaseThreadInitThunk [0x75FF6359+25]
	RtlGetAppContainerNamedObjectPath [0x77BD7C24+228]
	RtlGetAppContainerNamedObjectPath [0x77BD7BF4+180]
">
      <![CDATA[org.openqa.selenium.SessionNotCreatedException: session not created: This version of ChromeDriver only supports Chrome version 78
Build info: version: '3.141.59', revision: 'e82be7d358', time: '2018-11-14T08:25:48'
System info: host: 'DESKTOP-3V8M909', ip: '192.168.0.101', os.name: 'Windows 10', os.arch: 'amd64', os.version: '10.0', java.version: '1.8.0_171'
Driver info: driver.version: ChromeDriver
remote stacktrace: Backtrace:
	Ordinal0 [0x002BA903+1550595]
	Ordinal0 [0x0023A701+1025793]
	Ordinal0 [0x001BC6E5+509669]
	Ordinal0 [0x0014FC68+64616]
	Ordinal0 [0x0014C594+50580]
	Ordinal0 [0x0016ACE7+175335]
	Ordinal0 [0x0016A8ED+174317]
	Ordinal0 [0x00168CDB+167131]
	Ordinal0 [0x0015144A+70730]
	Ordinal0 [0x001524D0+74960]
	Ordinal0 [0x00152469+74857]
	Ordinal0 [0x002542C7+1131207]
	GetHandleVerifier [0x003570FD+523789]
	GetHandleVerifier [0x00356E90+523168]
	GetHandleVerifier [0x0035E1E7+552695]
	GetHandleVerifier [0x003578FA+525834]
	Ordinal0 [0x0024B7FC+1095676]
	Ordinal0 [0x0025633B+1139515]
	Ordinal0 [0x002564A3+1139875]
	Ordinal0 [0x00255425+1135653]
	BaseThreadInitThunk [0x75FF6359+25]
	RtlGetAppContainerNamedObjectPath [0x77BD7C24+228]
	RtlGetAppContainerNamedObjectPath [0x77BD7BF4+180]

	at sun.reflect.NativeConstructorAccessorImpl.newInstance0(Native Method)
	at sun.reflect.NativeConstructorAccessorImpl.newInstance(NativeConstructorAccessorImpl.java:62)
	at sun.reflect.DelegatingConstructorAccessorImpl.newInstance(DelegatingConstructorAccessorImpl.java:45)
	at java.lang.reflect.Constructor.newInstance(Constructor.java:423)
	at org.openqa.selenium.remote.W3CHandshakeResponse.lambda$errorHandler$0(W3CHandshakeResponse.java:62)
	at org.openqa.selenium.remote.HandshakeResponse.lambda$getResponseFunction$0(HandshakeResponse.java:30)
	at org.openqa.selenium.remote.ProtocolHandshake.lambda$createSession$0(ProtocolHandshake.java:126)
	at java.util.stream.ReferencePipeline$3$1.accept(ReferencePipeline.java:193)
	at java.util.Spliterators$ArraySpliterator.tryAdvance(Spliterators.java:958)
	at java.util.stream.ReferencePipeline.forEachWithCancel(ReferencePipeline.java:126)
	at java.util.stream.AbstractPipeline.copyIntoWithCancel(AbstractPipeline.java:498)
	at java.util.stream.AbstractPipeline.copyInto(AbstractPipeline.java:485)
	at java.util.stream.AbstractPipeline.wrapAndCopyInto(AbstractPipeline.java:471)
	at java.util.stream.FindOps$FindOp.evaluateSequential(FindOps.java:152)
	at java.util.stream.AbstractPipeline.evaluate(AbstractPipeline.java:234)
	at java.util.stream.ReferencePipeline.findFirst(ReferencePipeline.java:464)
	at org.openqa.selenium.remote.ProtocolHandshake.createSession(ProtocolHandshake.java:128)
	at org.openqa.selenium.remote.ProtocolHandshake.createSession(ProtocolHandshake.java:74)
	at org.openqa.selenium.remote.HttpCommandExecutor.execute(HttpCommandExecutor.java:136)
	at org.openqa.selenium.remote.service.DriverCommandExecutor.execute(DriverCommandExecutor.java:83)
	at org.openqa.selenium.remote.RemoteWebDriver.execute(RemoteWebDriver.java:552)
	at org.openqa.selenium.remote.RemoteWebDriver.startSession(RemoteWebDriver.java:213)
	at org.openqa.selenium.remote.RemoteWebDriver.<init>(RemoteWebDriver.java:131)
	at org.openqa.selenium.chrome.ChromeDriver.<init>(ChromeDriver.java:181)
	at org.openqa.selenium.chrome.ChromeDriver.<init>(ChromeDriver.java:168)
	at org.openqa.selenium.chrome.ChromeDriver.<init>(ChromeDriver.java:123)
	at com.facebook.base.TestBase.initialization(TestBase.java:47)
	at com.facebook.tests.VerifyLoginDetails.setup(VerifyLoginDetails.java:27)
	at sun.reflect.NativeMethodAccessorImpl.invoke0(Native Method)
	at sun.reflect.NativeMethodAccessorImpl.invoke(NativeMethodAccessorImpl.java:62)
	at sun.reflect.DelegatingMethodAccessorImpl.invoke(DelegatingMethodAccessorImpl.java:43)
	at java.lang.reflect.Method.invoke(Method.java:498)
	at org.testng.internal.MethodInvocationHelper.invokeMethod(MethodInvocationHelper.java:104)
	at org.testng.internal.Invoker.invokeConfigurationMethod(Invoker.java:515)
	at org.testng.internal.Invoker.invokeConfigurations(Invoker.java:217)
	at org.testng.internal.Invoker.invokeMethod(Invoker.java:590)
	at org.testng.internal.Invoker.invokeTestMethod(Invoker.java:851)
	at org.testng.internal.Invoker.invokeTestMethods(Invoker.java:1177)
	at org.testng.internal.TestMethodWorker.invokeTestMethods(TestMethodWorker.java:129)
	at org.testng.internal.TestMethodWorker.run(TestMethodWorker.java:112)
	at org.testng.TestRunner.privateRun(TestRunner.java:756)
	at org.testng.TestRunner.run(TestRunner.java:610)
	at org.testng.SuiteRunner.runTest(SuiteRunner.java:387)
	at org.testng.SuiteRunner.runSequentially(SuiteRunner.java:382)
	at org.testng.SuiteRunner.privateRun(SuiteRunner.java:340)
	at org.testng.SuiteRunner.run(SuiteRunner.java:289)
	at org.testng.SuiteRunnerWorker.runSuite(SuiteRunnerWorker.java:52)
	at org.testng.SuiteRunnerWorker.run(SuiteRunnerWorker.java:86)
	at org.testng.TestNG.runSuitesSequentially(TestNG.java:1293)
	at org.testng.TestNG.runSuitesLocally(TestNG.java:1218)
	at org.testng.TestNG.runSuites(TestNG.java:1133)
	at org.testng.TestNG.run(TestNG.java:1104)
	at org.testng.remote.AbstractRemoteTestNG.run(AbstractRemoteTestNG.java:132)
	at org.testng.remote.RemoteTestNG.initAndRun(RemoteTestNG.java:236)
	at org.testng.remote.RemoteTestNG.main(RemoteTestNG.java:81)
]]>
    </failure>
  </testcase> <!-- @BeforeMethod setup -->
  <testcase name="@AfterMethod closebrowser" time="0.0" classname="com.facebook.tests.VerifyLoginDetails">
    <skipped/>
  </testcase> <!-- @AfterMethod closebrowser -->
  <testcase name="checkDropDownValues" time="0.059" classname="com.facebook.tests.VerifyLoginDetails">
    <skipped/>
  </testcase> <!-- checkDropDownValues -->
  <testcase name="loginDetails" time="0.0" classname="com.facebook.tests.VerifyLoginDetails">
    <ignored/>
  </testcase> <!-- loginDetails -->
  <testcase name="titleValidation" time="0.0" classname="com.facebook.tests.VerifyLoginDetails">
    <ignored/>
  </testcase> <!-- titleValidation -->
  <testcase name="linksPresent" time="0.0" classname="com.facebook.tests.VerifyLoginDetails">
    <ignored/>
  </testcase> <!-- linksPresent -->
</testsuite> <!-- Default test -->
